<?xml version="1.0" encoding="UTF-8"?>
<testng-results ignored="0" total="1" passed="1" failed="0" skipped="0">
  <reporter-output>
  </reporter-output>
  <suite started-at="2019-05-28T19:14:18Z" name="Default suite" finished-at="2019-05-28T19:15:16Z" duration-ms="57873">
    <groups>
    </groups>
    <test started-at="2019-05-28T19:14:18Z" name="Default test" finished-at="2019-05-28T19:15:16Z" duration-ms="57873">
      <class name="com.appium.testapp.AndroidAppTest">
        <test-method is-config="true" signature="setUp()[pri:0, instance:com.appium.testapp.AndroidAppTest@419c5f1a]" started-at="2019-05-28T19:14:18Z" name="setUp" finished-at="2019-05-28T19:15:09Z" duration-ms="50279" status="PASS">
          <reporter-output>
          </reporter-output>
        </test-method> <!-- setUp -->
        <test-method signature="testCal()[pri:0, instance:com.appium.testapp.AndroidAppTest@419c5f1a]" started-at="2019-05-28T19:15:09Z" name="testCal" finished-at="2019-05-28T19:15:09Z" duration-ms="276" status="PASS">
          <reporter-output>
          </reporter-output>
        </test-method> <!-- testCal -->
        <test-method is-config="true" signature="teardown()[pri:0, instance:com.appium.testapp.AndroidAppTest@419c5f1a]" started-at="2019-05-28T19:15:09Z" name="teardown" finished-at="2019-05-28T19:15:16Z" duration-ms="7278" status="PASS">
          <reporter-output>
          </reporter-output>
        </test-method> <!-- teardown -->
      </class> <!-- com.appium.testapp.AndroidAppTest -->
    </test> <!-- Default test -->
  </suite> <!-- Default suite -->
</testng-results>
